1605786857290	mozrunner::runner	INFO	Running command: "C:\\Program Files\\Mozilla Firefox\\firefox.exe" "-marionette" "-foreground" "-no-remote" "-profile" "C:\\Users\\z003tnxs\\AppData\\Local\\Temp\\rust_mozprofile.DNfdLWnxClm7"
console.error: Enterprise Policies: 
  Policy SearchEngines is only allowed on ESR
JavaScript error: resource://gre/modules/XULStore.jsm, line 66: Error: Can't find profile directory.
console.error: SearchCache: "_readCacheFile: Error reading cache file:" (new Error("", "(unknown module)"))
1605786862189	Marionette	INFO	Listening on port 53386
1605786862413	Marionette	WARN	TLS certificate errors will be ignored for this session
1605786872154	Marionette	WARN	TimedPromise timed out after 500 ms: stacktrace:
TimedPromise/<@chrome://marionette/content/sync.js:245:13
TimedPromise@chrome://marionette/content/sync.js:230:10
interaction.flushEventLoop@chrome://marionette/content/interaction.js:416:10
webdriverClickElement@chrome://marionette/content/interaction.js:182:31
1605786873645	Marionette	WARN	TimedPromise timed out after 500 ms: stacktrace:
TimedPromise/<@chrome://marionette/content/sync.js:245:13
TimedPromise@chrome://marionette/content/sync.js:230:10
interaction.flushEventLoop@chrome://marionette/content/interaction.js:416:10
webdriverClickElement@chrome://marionette/content/interaction.js:182:31
1605786875476	Marionette	WARN	TimedPromise timed out after 500 ms: stacktrace:
TimedPromise/<@chrome://marionette/content/sync.js:245:13
TimedPromise@chrome://marionette/content/sync.js:230:10
interaction.flushEventLoop@chrome://marionette/content/interaction.js:416:10
webdriverClickElement@chrome://marionette/content/interaction.js:182:31
send@https://admin-demo.nopcommerce.com/lib/jquery/jquery-3.4.1.min.js:2:81476
ajax@https://admin-demo.nopcommerce.com/lib/jquery/jquery-3.4.1.min.js:2:77295
s.ajax@https://admin-demo.nopcommerce.com/lib/jquery-migrate/jquery-migrate-3.1.0.min.js:2:3154
init@https://admin-demo.nopcommerce.com/js/admin.navigation.js:56:11
initOnce@https://admin-demo.nopcommerce.com/js/admin.navigation.js:90:17
init@https://admin-demo.nopcommerce.com/js/admin.search.js:72:30
@https://admin-demo.nopcommerce.com/Admin/Customer/List:148:46
e@https://admin-demo.nopcommerce.com/lib/jquery/jquery-3.4.1.min.js:2:29453
l/</t<@https://admin-demo.nopcommerce.com/lib/jquery/jquery-3.4.1.min.js:2:29755
1605786909066	Marionette	INFO	Stopped listening on port 53386

###!!! [Child][RunMessage] Error: Channel closing: too late to send/recv, messages will be lost


###!!! [Child][MessageChannel::SendAndWait] Error: Channel error: cannot send/recv

ise Policies: 
  Policy SearchEngines is only allowed on ESR
JavaScript error: resource://gre/modules/XULStore.jsm, line 66: Error: Can't find profile directory.
console.error: SearchCache: "_readCacheFile: Error reading cache file:" (new Error("", "(unknown module)"))
1605786881972	Marionette	INFO	Listening on port 53435
1605786882073	Marionette	WARN	TLS certificate errors will be ignored for this session
1605786891920	Marionette	INFO	Stopped listening on port 53435

###!!! [Child][RunMessage] Error: Channel closing: too late to send/recv, messages will be lost


###!!! [Child][MessageChannel::SendAndWait] Error: Channel error: cannot send/recv

1605787009459	mozrunner::runner	INFO	Running command: "C:\\Program Files\\Mozilla Firefox\\firefox.exe" "-marionette" "-foreground" "-no-remote" "-profile" "C:\\Users\\z003tnxs\\AppData\\Local\\Temp\\rust_mozprofile.2B3IdYlxysTR"
console.error: Enterprise Policies: 
  Policy SearchEngines is only allowed on ESR
JavaScript error: resource://gre/modules/XULStore.jsm, line 66: Error: Can't find profile directory.
console.error: SearchCache: "_readCacheFile: Error reading cache file:" (new Error("", "(unknown module)"))
1605787014489	Marionette	INFO	Listening on port 53498
1605787014561	Marionette	WARN	TLS certificate errors will be ignored for this session
1605787027738	Marionette	WARN	TimedPromise timed out after 500 ms: stacktrace:
TimedPromise/<@chrome://marionette/content/sync.js:245:13
TimedPromise@chrome://marionette/content/sync.js:230:10
interaction.flushEventLoop@chrome://marionette/content/interaction.js:416:10
webdriverClickElement@chrome://marionette/content/interaction.js:182:31
send@https://admin-demo.nopcommerce.com/lib/jquery/jquery-3.4.1.min.js:2:81476
ajax@https://admin-demo.nopcommerce.com/lib/jquery/jquery-3.4.1.min.js:2:77295
s.ajax@https://admin-demo.nopcommerce.com/lib/jquery-migrate/jquery-migrate-3.1.0.min.js:2:3154
init@https://admin-demo.nopcommerce.com/js/admin.navigation.js:56:11
initOnce@https://admin-demo.nopcommerce.com/js/admin.navigation.js:90:17
init@https://admin-demo.nopcommerce.com/js/admin.search.js:72:30
@https://admin-demo.nopcommerce.com/Admin/Customer/List:148:46
e@https://admin-demo.nopcommerce.com/lib/jquery/jquery-3.4.1.min.js:2:29453
l/</t<@https://admin-demo.nopcommerce.com/lib/jquery/jquery-3.4.1.min.js:2:29755
1605787640569	addons.xpi	ERROR	System addon update list error Error: Failed downloading XML, status: 0, reason: error
1605804936964	Marionette	INFO	Stopped listening on port 53498

###!!! [Child][RunMessage] Error: Channel closing: too late to send/recv, messages will be lost


###!!! [Child][MessageChannel::SendAndWait] Error: Channel error: cannot send/recv

ine 66: Error: Can't find profile directory.
console.error: SearchCache: "_readCacheFile: Error reading cache file:" (new Error("", "(unknown module)"))
1605787034119	Marionette	INFO	Listening on port 53545
1605787034141	Marionette	WARN	TLS certificate errors will be ignored for this session
1605787038201	Marionette	INFO	Stopped listening on port 53545

###!!! [Child][RunMessage] Error: Channel closing: too late to send/recv, messages will be lost


###!!! [Child][RunMessage] Error: Channel closing: too late to send/recv, messages will be lost


###!!! [Child][MessageChannel::SendAndWait] Error: Channel error: cannot send/recv

1605787040141	mozrunner::runner	INFO	Running command: "C:\\Program Files\\Mozilla Firefox\\firefox.exe" "-marionette" "-foreground" "-no-remote" "-profile" "C:\\Users\\z003tnxs\\AppData\\Local\\Temp\\rust_mozprofile.zwd2yYXQ1ad4"
console.error: Enterprise Policies: 
  Policy SearchEngines is only allowed on ESR
JavaScript error: resource://gre/modules/XULStore.jsm, line 66: Error: Can't find profile directory.
console.error: SearchCache: "_readCacheFile: Error reading cache file:" (new Error("", "(unknown module)"))
1605787045119	Marionette	INFO	Listening on port 53589
1605787045726	Marionette	WARN	TLS certificate errors will be ignored for this session
1605787053715	Marionette	INFO	Stopped listening on port 53589
IPDL protocol error: Handler returned error code!

###!!! [Parent][DispatchAsyncMessage] Error: PLayerTransaction::Msg_ReleaseLayer Processing error: message was deserialized, but the handler returned false (indicating failure)

IPDL protocol error: Handler returned error code!

###!!! [Parent][DispatchAsyncMessage] Error: PLayerTransaction::Msg_ReleaseLayer Processing error: message was deserialized, but the handler returned false (indicating failure)

IPDL protocol error: Handler returned error code!

###!!! [Parent][DispatchAsyncMessage] Error: PLayerTransaction::Msg_ReleaseLayer Processing error: message was deserialized, but the handler returned false (indicating failure)

[Child 11776, Chrome_ChildThread] WARNING: pipe error: 232: file /builds/worker/checkouts/gecko/ipc/chromium/src/chrome/common/ipc_channel_win.cc, line 545

###!!! [Child][RunMessage] Error: Channel closing: too late to send/recv, messages will be lost


###!!! [Child][MessageChannel::SendAndWait] Error: Channel error: cannot send/recv

1605787056969	mozrunner::runner	INFO	Running command: "C:\\Program Files\\Mozilla Firefox\\firefox.exe" "-marionette" "-foreground" "-no-remote" "-profile" "C:\\Users\\z003tnxs\\AppData\\Local\\Temp\\rust_mozprofile.u9ENHZAfcIvr"
console.error: Enterprise Policies: 
  Policy SearchEngines is only allowed on ESR
console.error: SearchCache: "_readCacheFile: Error reading cache file:" (new Error("", "(unknown module)"))
JavaScript error: resource://gre/modules/XULStore.jsm, line 66: Error: Can't find profile directory.
1605787062257	Marionette	INFO	Listening on port 53638
1605787062813	Marionette	WARN	TLS certificate errors will be ignored for this session
1605787091334	Marionette	INFO	Stopped listening on port 53638

###!!! [Child][MessageChannel::SendAndWait] Error: Channel error: cannot send/recv

1605787093054	mozrunner::runner	INFO	Running command: "C:\\Program Files\\Mozilla Firefox\\firefox.exe" "-marionette" "-foreground" "-no-remote" "-profile" "C:\\Users\\z003tnxs\\AppData\\Local\\Temp\\rust_mozprofile.gFGXQy2wo9wj"
console.error: Enterprise Policies: 
  Policy SearchEngines is only allowed on ESR
JavaScript error: resource://gre/modules/XULStore.jsm, line 66: Error: Can't find profile directory.
console.error: SearchCache: "_readCacheFile: Error reading cache file:" (new Error("", "(unknown module)"))
1605787097847	Marionette	INFO	Listening on port 53787
1605787098304	Marionette	WARN	TLS certificate errors will be ignored for this session
1605787111941	Marionette	WARN	TimedPromise timed out after 500 ms: stacktrace:
TimedPromise/<@chrome://marionette/content/sync.js:245:13
TimedPromise@chrome://marionette/content/sync.js:230:10
interaction.flushEventLoop@chrome://marionette/content/interaction.js:416:10
webdriverClickElement@chrome://marionette/content/interaction.js:182:31
send@https://admin-demo.nopcommerce.com/lib/jquery/jquery-3.4.1.min.js:2:81476
ajax@https://admin-demo.nopcommerce.com/lib/jquery/jquery-3.4.1.min.js:2:77295
s.ajax@https://admin-demo.nopcommerce.com/lib/jquery-migrate/jquery-migrate-3.1.0.min.js:2:3154
init@https://admin-demo.nopcommerce.com/js/admin.navigation.js:56:11
initOnce@https://admin-demo.nopcommerce.com/js/admin.navigation.js:90:17
init@https://admin-demo.nopcommerce.com/js/admin.search.js:72:30
@https://admin-demo.nopcommerce.com/Admin/Customer/List:148:46
e@https://admin-demo.nopcommerce.com/lib/jquery/jquery-3.4.1.min.js:2:29453
l/</t<@https://admin-demo.nopcommerce.com/lib/jquery/jquery-3.4.1.min.js:2:29755
1605804935778	Marionette	INFO	Stopped listening on port 53787

###!!! [Child][RunMessage] Error: Channel closing: too late to send/recv, messages will be lost


###!!! [Child][MessageChannel::SendAndWait] Error: Channel error: cannot send/recv

ise Policies: 
  Policy SearchEngines is only allowed on ESR
JavaScript error: resource://gre/modules/XULStore.jsm, line 66: Error: Can't find profile directory.
console.error: SearchCache: "_readCacheFile: Error reading cache file:" (new Error("", "(unknown module)"))
1605787122993	Marionette	INFO	Listening on port 53837
1605787123345	Marionette	WARN	TLS certificate errors will be ignored for this session
1605804933369	Marionette	INFO	Stopped listening on port 53837

###!!! [Child][RunMessage] Error: Channel closing: too late to send/recv, messages will be lost


###!!! [Child][MessageChannel::SendAndWait] Error: Channel error: cannot send/recv

ise Policies: 
  Policy SearchEngines is only allowed on ESR
JavaScript error: resource://gre/modules/XULStore.jsm, line 66: Error: Can't find profile directory.
console.error: SearchCache: "_readCacheFile: Error reading cache file:" (new Error("", "(unknown module)"))
1605793658810	Marionette	INFO	Listening on port 51110
1605793659178	Marionette	WARN	TLS certificate errors will be ignored for this session
1605793663555	Marionette	INFO	Stopped listening on port 51110

###!!! [Child][RunMessage] Error: Channel closing: too late to send/recv, messages will be lost


###!!! [Child][MessageChannel::SendAndWait] Error: Channel error: cannot send/recv

1605793666132	mozrunner::runner	INFO	Running command: "C:\\Program Files\\Mozilla Firefox\\firefox.exe" "-marionette" "-foreground" "-no-remote" "-profile" "C:\\Users\\z003tnxs\\AppData\\Local\\Temp\\rust_mozprofile.nM7lXSX7b5J4"
console.error: Enterprise Policies: 
  Policy SearchEngines is only allowed on ESR
JavaScript error: resource://gre/modules/XULStore.jsm, line 66: Error: Can't find profile directory.
console.error: SearchCache: "_readCacheFile: Error reading cache file:" (new Error("", "(unknown module)"))
1605793672382	Marionette	INFO	Listening on port 51154
1605793672973	Marionette	WARN	TLS certificate errors will be ignored for this session
1605793682970	Marionette	INFO	Stopped listening on port 51154
IPDL protocol error: Handler returned error code!

###!!! [Parent][DispatchAsyncMessage] Error: PLayerTransaction::Msg_ReleaseLayer Processing error: message was deserialized, but the handler returned false (indicating failure)

IPDL protocol error: Handler returned error code!

###!!! [Parent][DispatchAsyncMessage] Error: PLayerTransaction::Msg_ReleaseLayer Processing error: message was deserialized, but the handler returned false (indicating failure)

IPDL protocol error: Handler returned error code!

###!!! [Parent][DispatchAsyncMessage] Error: PLayerTransaction::Msg_ReleaseLayer Processing error: message was deserialized, but the handler returned false (indicating failure)


###!!! [Child][RunMessage] Error: Channel closing: too late to send/recv, messages will be lost


###!!! [Child][MessageChannel::SendAndWait] Error: Channel error: cannot send/recv

1605794213975	mozrunner::runner	INFO	Running command: "C:\\Program Files\\Mozilla Firefox\\firefox.exe" "-marionette" "-foreground" "-no-remote" "-profile" "C:\\Users\\z003tnxs\\AppData\\Local\\Temp\\rust_mozprofile.N9sBdDYMxeuM"
console.error: Enterprise Policies: 
  Policy SearchEngines is only allowed on ESR
JavaScript error: resource://gre/modules/XULStore.jsm, line 66: Error: Can't find profile directory.
console.error: SearchCache: "_readCacheFile: Error reading cache file:" (new Error("", "(unknown module)"))
1605794218819	Marionette	INFO	Listening on port 51521
1605794219257	Marionette	WARN	TLS certificate errors will be ignored for this session
1605794223333	Marionette	INFO	Stopped listening on port 51521

###!!! [Child][MessageChannel::SendAndWait] Error: Channel error: cannot send/recv

1605794224912	mozrunner::runner	INFO	Running command: "C:\\Program Files\\Mozilla Firefox\\firefox.exe" "-marionette" "-foreground" "-no-remote" "-profile" "C:\\Users\\z003tnxs\\AppData\\Local\\Temp\\rust_mozprofile.MuXl0iqBWbPX"
console.error: Enterprise Policies: 
  Policy SearchEngines is only allowed on ESR
JavaScript error: resource://gre/modules/XULStore.jsm, line 66: Error: Can't find profile directory.
console.error: SearchCache: "_readCacheFile: Error reading cache file:" (new Error("", "(unknown module)"))
1605794228842	Marionette	INFO	Listening on port 51564
1605794229276	Marionette	WARN	TLS certificate errors will be ignored for this session
1605794238368	Marionette	INFO	Stopped listening on port 51564

###!!! [Child][RunMessage] Error: Channel closing: too late to send/recv, messages will be lost


###!!! [Child][MessageChannel::SendAndWait] Error: Channel error: cannot send/recv

1605795335222	mozrunner::runner	INFO	Running command: "C:\\Program Files\\Mozilla Firefox\\firefox.exe" "-marionette" "-foreground" "-no-remote" "-profile" "C:\\Users\\z003tnxs\\AppData\\Local\\Temp\\rust_mozprofile.5JlA6y74iGdk"
console.error: Enterprise Policies: 
  Policy SearchEngines is only allowed on ESR
JavaScript error: resource://gre/modules/XULStore.jsm, line 66: Error: Can't find profile directory.
console.error: SearchCache: "_readCacheFile: Error reading cache file:" (new Error("", "(unknown module)"))
1605795341626	Marionette	INFO	Listening on port 52465
1605795342055	Marionette	WARN	TLS certificate errors will be ignored for this session
1605795346758	Marionette	INFO	Stopped listening on port 52465

###!!! [Child][MessageChannel::SendAndWait] Error: Channel error: cannot send/recv

1605795348869	mozrunner::runner	INFO	Running command: "C:\\Program Files\\Mozilla Firefox\\firefox.exe" "-marionette" "-foreground" "-no-remote" "-profile" "C:\\Users\\z003tnxs\\AppData\\Local\\Temp\\rust_mozprofile.wlBCbST6LMBO"
console.error: Enterprise Policies: 
  Policy SearchEngines is only allowed on ESR
JavaScript error: resource://gre/modules/XULStore.jsm, line 66: Error: Can't find profile directory.
console.error: SearchCache: "_readCacheFile: Error reading cache file:" (new Error("", "(unknown module)"))
1605795355584	Marionette	INFO	Listening on port 52512
1605795355741	Marionette	WARN	TLS certificate errors will be ignored for this session
1605795364701	Marionette	INFO	Stopped listening on port 52512

###!!! [Child][RunMessage] Error: Channel closing: too late to send/recv, messages will be lost


###!!! [Child][RunMessage] Error: Channel closing: too late to send/recv, messages will be lost


###!!! [Child][MessageChannel::SendAndWait] Error: Channel error: cannot send/recv

1605795958774	mozrunner::runner	INFO	Running command: "C:\\Program Files\\Mozilla Firefox\\firefox.exe" "-marionette" "-foreground" "-no-remote" "-profile" "C:\\Users\\z003tnxs\\AppData\\Local\\Temp\\rust_mozprofile.6BEUfUKcynoT"
console.error: Enterprise Policies: 
  Policy SearchEngines is only allowed on ESR
JavaScript error: resource://gre/modules/XULStore.jsm, line 66: Error: Can't find profile directory.
console.error: SearchCache: "_readCacheFile: Error reading cache file:" (new Error("", "(unknown module)"))
1605795966534	Marionette	INFO	Listening on port 53174
1605795966621	Marionette	WARN	TLS certificate errors will be ignored for this session
1605795971003	Marionette	INFO	Stopped listening on port 53174

###!!! [Child][MessageChannel::SendAndWait] Error: Channel error: cannot send/recv

1605795973386	mozrunner::runner	INFO	Running command: "C:\\Program Files\\Mozilla Firefox\\firefox.exe" "-marionette" "-foreground" "-no-remote" "-profile" "C:\\Users\\z003tnxs\\AppData\\Local\\Temp\\rust_mozprofile.irhH21hLKfgH"
console.error: Enterprise Policies: 
  Policy SearchEngines is only allowed on ESR
JavaScript error: resource://gre/modules/XULStore.jsm, line 66: Error: Can't find profile directory.
console.error: SearchCache: "_readCacheFile: Error reading cache file:" (new Error("", "(unknown module)"))
1605795979284	Marionette	INFO	Listening on port 53219
1605795979457	Marionette	WARN	TLS certificate errors will be ignored for this session
1605795990053	Marionette	INFO	Stopped listening on port 53219

###!!! [Child][RunMessage] Error: Channel closing: too late to send/recv, messages will be lost


###!!! [Child][MessageChannel::SendAndWait] Error: Channel error: cannot send/recv

1605804193702	mozrunner::runner	INFO	Running command: "C:\\Program Files\\Mozilla Firefox\\firefox.exe" "-marionette" "-foreground" "-no-remote" "-profile" "C:\\Users\\z003tnxs\\AppData\\Local\\Temp\\rust_mozprofile.A3RFVoSiq9k9"
console.error: Enterprise Policies: 
  Policy SearchEngines is only allowed on ESR
JavaScript error: resource://gre/modules/XULStore.jsm, line 66: Error: Can't find profile directory.
console.error: SearchCache: "_readCacheFile: Error reading cache file:" (new Error("", "(unknown module)"))
1605804199175	Marionette	INFO	Listening on port 59161
1605804199690	Marionette	WARN	TLS certificate errors will be ignored for this session
1605804203900	Marionette	INFO	Stopped listening on port 59161

###!!! [Child][MessageChannel::SendAndWait] Error: Channel error: cannot send/recv

1605804206416	mozrunner::runner	INFO	Running command: "C:\\Program Files\\Mozilla Firefox\\firefox.exe" "-marionette" "-foreground" "-no-remote" "-profile" "C:\\Users\\z003tnxs\\AppData\\Local\\Temp\\rust_mozprofile.zH2uNvR5YRyp"
console.error: Enterprise Policies: 
  Policy SearchEngines is only allowed on ESR
JavaScript error: resource://gre/modules/XULStore.jsm, line 66: Error: Can't find profile directory.
console.error: SearchCache: "_readCacheFile: Error reading cache file:" (new Error("", "(unknown module)"))
1605804210695	Marionette	INFO	Listening on port 59204
1605804211130	Marionette	WARN	TLS certificate errors will be ignored for this session
1605804221108	Marionette	INFO	Stopped listening on port 59204

###!!! [Child][RunMessage] Error: Channel closing: too late to send/recv, messages will be lost


###!!! [Child][MessageChannel::SendAndWait] Error: Channel error: cannot send/recv

1605804565395	mozrunner::runner	INFO	Running command: "C:\\Program Files\\Mozilla Firefox\\firefox.exe" "-marionette" "-foreground" "-no-remote" "-profile" "C:\\Users\\z003tnxs\\AppData\\Local\\Temp\\rust_mozprofile.ynzNSUeSsmaY"
console.error: Enterprise Policies: 
  Policy SearchEngines is only allowed on ESR
JavaScript error: resource://gre/modules/XULStore.jsm, line 66: Error: Can't find profile directory.
console.error: SearchCache: "_readCacheFile: Error reading cache file:" (new Error("", "(unknown module)"))
1605804569201	Marionette	INFO	Listening on port 59297
1605804569243	Marionette	WARN	TLS certificate errors will be ignored for this session
1605804572792	Marionette	INFO	Stopped listening on port 59297

###!!! [Child][RunMessage] Error: Channel closing: too late to send/recv, messages will be lost


###!!! [Child][MessageChannel::SendAndWait] Error: Channel error: cannot send/recv

1605804574540	mozrunner::runner	INFO	Running command: "C:\\Program Files\\Mozilla Firefox\\firefox.exe" "-marionette" "-foreground" "-no-remote" "-profile" "C:\\Users\\z003tnxs\\AppData\\Local\\Temp\\rust_mozprofile.TDvuuzUJNcTq"
console.error: Enterprise Policies: 
  Policy SearchEngines is only allowed on ESR
JavaScript error: resource://gre/modules/XULStore.jsm, line 66: Error: Can't find profile directory.
console.error: SearchCache: "_readCacheFile: Error reading cache file:" (new Error("", "(unknown module)"))
1605804578872	Marionette	INFO	Listening on port 59338
1605804578926	Marionette	WARN	TLS certificate errors will be ignored for this session
1605804588934	Marionette	INFO	Stopped listening on port 59338

###!!! [Child][RunMessage] Error: Channel closing: too late to send/recv, messages will be lost


###!!! [Child][MessageChannel::SendAndWait] Error: Channel error: cannot send/recv

1605804731554	mozrunner::runner	INFO	Running command: "C:\\Program Files\\Mozilla Firefox\\firefox.exe" "-marionette" "-foreground" "-no-remote" "-profile" "C:\\Users\\z003tnxs\\AppData\\Local\\Temp\\rust_mozprofile.SymASlutywIJ"
console.error: Enterprise Policies: 
  Policy SearchEngines is only allowed on ESR
JavaScript error: resource://gre/modules/XULStore.jsm, line 66: Error: Can't find profile directory.
console.error: SearchCache: "_readCacheFile: Error reading cache file:" (new Error("", "(unknown module)"))
1605804735848	Marionette	INFO	Listening on port 59404
1605804736085	Marionette	WARN	TLS certificate errors will be ignored for this session
1605804740163	Marionette	INFO	Stopped listening on port 59404

###!!! [Child][RunMessage] Error: Channel closing: too late to send/recv, messages will be lost


###!!! [Child][MessageChannel::SendAndWait] Error: Channel error: cannot send/recv

1605804741963	mozrunner::runner	INFO	Running command: "C:\\Program Files\\Mozilla Firefox\\firefox.exe" "-marionette" "-foreground" "-no-remote" "-profile" "C:\\Users\\z003tnxs\\AppData\\Local\\Temp\\rust_mozprofile.uD4rTmyig6i7"
console.error: Enterprise Policies: 
  Policy SearchEngines is only allowed on ESR
JavaScript error: resource://gre/modules/XULStore.jsm, line 66: Error: Can't find profile directory.
console.error: SearchCache: "_readCacheFile: Error reading cache file:" (new Error("", "(unknown module)"))
1605804746383	Marionette	INFO	Listening on port 59448
1605804746730	Marionette	WARN	TLS certificate errors will be ignored for this session
1605804755197	Marionette	INFO	Stopped listening on port 59448
IPDL protocol error: Handler returned error code!

###!!! [Parent][DispatchAsyncMessage] Error: PLayerTransaction::Msg_ReleaseLayer Processing error: message was deserialized, but the handler returned false (indicating failure)

IPDL protocol error: Handler returned error code!

###!!! [Parent][DispatchAsyncMessage] Error: PLayerTransaction::Msg_ReleaseLayer Processing error: message was deserialized, but the handler returned false (indicating failure)

IPDL protocol error: Handler returned error code!

###!!! [Parent][DispatchAsyncMessage] Error: PLayerTransaction::Msg_ReleaseLayer Processing error: message was deserialized, but the handler returned false (indicating failure)


###!!! [Child][RunMessage] Error: Channel closing: too late to send/recv, messages will be lost


###!!! [Child][MessageChannel::SendAndWait] Error: Channel error: cannot send/recv

1605864723789	mozrunner::runner	INFO	Running command: "C:\\Program Files\\Mozilla Firefox\\firefox.exe" "-marionette" "-foreground" "-no-remote" "-profile" "C:\\Users\\z003tnxs\\AppData\\Local\\Temp\\rust_mozprofile.4I047SJhvcwW"
console.error: Enterprise Policies: 
  Policy SearchEngines is only allowed on ESR
JavaScript error: resource://gre/modules/XULStore.jsm, line 66: Error: Can't find profile directory.
console.error: SearchCache: "_readCacheFile: Error reading cache file:" (new Error("", "(unknown module)"))
1605864728586	Marionette	INFO	Listening on port 59729
1605864728731	Marionette	WARN	TLS certificate errors will be ignored for this session
1605864733016	Marionette	INFO	Stopped listening on port 59729

###!!! [Child][RunMessage] Error: Channel closing: too late to send/recv, messages will be lost


###!!! [Child][MessageChannel::SendAndWait] Error: Channel error: cannot send/recv

1605864734513	mozrunner::runner	INFO	Running command: "C:\\Program Files\\Mozilla Firefox\\firefox.exe" "-marionette" "-foreground" "-no-remote" "-profile" "C:\\Users\\z003tnxs\\AppData\\Local\\Temp\\rust_mozprofile.sdVJ3SZnx8xs"
console.error: Enterprise Policies: 
  Policy SearchEngines is only allowed on ESR
JavaScript error: resource://gre/modules/XULStore.jsm, line 66: Error: Can't find profile directory.
console.error: SearchCache: "_readCacheFile: Error reading cache file:" (new Error("", "(unknown module)"))
1605864738268	Marionette	INFO	Listening on port 59770
1605864738350	Marionette	WARN	TLS certificate errors will be ignored for this session
1605864748326	Marionette	INFO	Stopped listening on port 59770

###!!! [Child][RunMessage] Error: Channel closing: too late to send/recv, messages will be lost


###!!! [Child][MessageChannel::SendAndWait] Error: Channel error: cannot send/recv

1605864829126	mozrunner::runner	INFO	Running command: "C:\\Program Files\\Mozilla Firefox\\firefox.exe" "-marionette" "-foreground" "-no-remote" "-profile" "C:\\Users\\z003tnxs\\AppData\\Local\\Temp\\rust_mozprofile.YwCULrdSFYhF"
console.error: Enterprise Policies: 
  Policy SearchEngines is only allowed on ESR
JavaScript error: resource://gre/modules/XULStore.jsm, line 66: Error: Can't find profile directory.
console.error: SearchCache: "_readCacheFile: Error reading cache file:" (new Error("", "(unknown module)"))
1605864832627	Marionette	INFO	Listening on port 59836
1605864832964	Marionette	WARN	TLS certificate errors will be ignored for this session
1605864836687	Marionette	INFO	Stopped listening on port 59836

###!!! [Child][RunMessage] Error: Channel closing: too late to send/recv, messages will be lost


###!!! [Child][MessageChannel::SendAndWait] Error: Channel error: cannot send/recv

1605864838166	mozrunner::runner	INFO	Running command: "C:\\Program Files\\Mozilla Firefox\\firefox.exe" "-marionette" "-foreground" "-no-remote" "-profile" "C:\\Users\\z003tnxs\\AppData\\Local\\Temp\\rust_mozprofile.k8BjqsNzqY6u"
console.error: Enterprise Policies: 
  Policy SearchEngines is only allowed on ESR
JavaScript error: resource://gre/modules/XULStore.jsm, line 66: Error: Can't find profile directory.
console.error: SearchCache: "_readCacheFile: Error reading cache file:" (new Error("", "(unknown module)"))
1605864841772	Marionette	INFO	Listening on port 59877
1605864842023	Marionette	WARN	TLS certificate errors will be ignored for this session
1605864851667	Marionette	INFO	Stopped listening on port 59877

###!!! [Child][RunMessage] Error: Channel closing: too late to send/recv, messages will be lost


###!!! [Child][MessageChannel::SendAndWait] Error: Channel error: cannot send/recv

1605865161242	mozrunner::runner	INFO	Running command: "C:\\Program Files\\Mozilla Firefox\\firefox.exe" "-marionette" "-foreground" "-no-remote" "-profile" "C:\\Users\\z003tnxs\\AppData\\Local\\Temp\\rust_mozprofile.XErvI9pXESiv"
console.error: Enterprise Policies: 
  Policy SearchEngines is only allowed on ESR
JavaScript error: resource://gre/modules/XULStore.jsm, line 66: Error: Can't find profile directory.
console.error: SearchCache: "_readCacheFile: Error reading cache file:" (new Error("", "(unknown module)"))
1605865165976	Marionette	INFO	Listening on port 59960
1605865166470	Marionette	WARN	TLS certificate errors will be ignored for this session
1605865194879	Marionette	INFO	Stopped listening on port 59960

###!!! [Child][RunMessage] Error: Channel closing: too late to send/recv, messages will be lost


###!!! [Child][RunMessage] Error: Channel closing: too late to send/recv, messages will be lost


###!!! [Child][MessageChannel::SendAndWait] Error: Channel error: cannot send/recv

1605865992237	mozrunner::runner	INFO	Running command: "C:\\Program Files\\Mozilla Firefox\\firefox.exe" "-marionette" "-foreground" "-no-remote" "-profile" "C:\\Users\\z003tnxs\\AppData\\Local\\Temp\\rust_mozprofile.ksUsR6nyNxVJ"
console.error: Enterprise Policies: 
  Policy SearchEngines is only allowed on ESR
JavaScript error: resource://gre/modules/XULStore.jsm, line 66: Error: Can't find profile directory.
console.error: SearchCache: "_readCacheFile: Error reading cache file:" (new Error("", "(unknown module)"))
1605865995858	Marionette	INFO	Listening on port 60206
1605865996273	Marionette	WARN	TLS certificate errors will be ignored for this session
1605866069116	Marionette	INFO	Stopped listening on port 60206

###!!! [Child][RunMessage] Error: Channel closing: too late to send/recv, messages will be lost


###!!! [Child][MessageChannel::SendAndWait] Error: Channel error: cannot send/recv

1605866078774	mozrunner::runner	INFO	Running command: "C:\\Program Files\\Mozilla Firefox\\firefox.exe" "-marionette" "-foreground" "-no-remote" "-profile" "C:\\Users\\z003tnxs\\AppData\\Local\\Temp\\rust_mozprofile.odDVrhHBYpEo"
console.error: Enterprise Policies: 
  Policy SearchEngines is only allowed on ESR
JavaScript error: resource://gre/modules/XULStore.jsm, line 66: Error: Can't find profile directory.
console.error: SearchCache: "_readCacheFile: Error reading cache file:" (new Error("", "(unknown module)"))
1605866082649	Marionette	INFO	Listening on port 60262
1605866082714	Marionette	WARN	TLS certificate errors will be ignored for this session
1605866190297	Marionette	INFO	Stopped listening on port 60262

###!!! [Child][RunMessage] Error: Channel closing: too late to send/recv, messages will be lost


###!!! [Child][MessageChannel::SendAndWait] Error: Channel error: cannot send/recv

1605866199316	mozrunner::runner	INFO	Running command: "C:\\Program Files\\Mozilla Firefox\\firefox.exe" "-marionette" "-foreground" "-no-remote" "-profile" "C:\\Users\\z003tnxs\\AppData\\Local\\Temp\\rust_mozprofile.gcDptvLHHsYq"
console.error: Enterprise Policies: 
  Policy SearchEngines is only allowed on ESR
JavaScript error: resource://gre/modules/XULStore.jsm, line 66: Error: Can't find profile directory.
console.error: SearchCache: "_readCacheFile: Error reading cache file:" (new Error("", "(unknown module)"))
1605866203081	Marionette	INFO	Listening on port 60318
1605866203200	Marionette	WARN	TLS certificate errors will be ignored for this session
1605866230067	Marionette	INFO	Stopped listening on port 60318

###!!! [Child][RunMessage] Error: Channel closing: too late to send/recv, messages will be lost


###!!! [Child][MessageChannel::SendAndWait] Error: Channel error: cannot send/recv

1605866653454	mozrunner::runner	INFO	Running command: "C:\\Program Files\\Mozilla Firefox\\firefox.exe" "-marionette" "-foreground" "-no-remote" "-profile" "C:\\Users\\z003tnxs\\AppData\\Local\\Temp\\rust_mozprofile.nchjA5rDeChi"
console.error: Enterprise Policies: 
  Policy SearchEngines is only allowed on ESR
JavaScript error: resource://gre/modules/XULStore.jsm, line 66: Error: Can't find profile directory.
console.error: SearchCache: "_readCacheFile: Error reading cache file:" (new Error("", "(unknown module)"))
1605866659057	Marionette	INFO	Listening on port 53790
1605866659152	Marionette	WARN	TLS certificate errors will be ignored for this session
1605866687855	Marionette	INFO	Stopped listening on port 53790

###!!! [Child][RunMessage] Error: Channel closing: too late to send/recv, messages will be lost


###!!! [Child][MessageChannel::SendAndWait] Error: Channel error: cannot send/recv

1605867001767	mozrunner::runner	INFO	Running command: "C:\\Program Files\\Mozilla Firefox\\firefox.exe" "-marionette" "-foreground" "-no-remote" "-profile" "C:\\Users\\z003tnxs\\AppData\\Local\\Temp\\rust_mozprofile.08b8XNxfvRHt"
console.error: Enterprise Policies: 
  Policy SearchEngines is only allowed on ESR
JavaScript error: resource://gre/modules/XULStore.jsm, line 66: Error: Can't find profile directory.
console.error: SearchCache: "_readCacheFile: Error reading cache file:" (new Error("", "(unknown module)"))
1605867008334	Marionette	INFO	Listening on port 53902
1605867008507	Marionette	WARN	TLS certificate errors will be ignored for this session
1605867038167	Marionette	INFO	Stopped listening on port 53902

###!!! [Child][MessageChannel::SendAndWait] Error: Channel error: cannot send/recv

1605867419882	mozrunner::runner	INFO	Running command: "C:\\Program Files\\Mozilla Firefox\\firefox.exe" "-marionette" "-foreground" "-no-remote" "-profile" "C:\\Users\\z003tnxs\\AppData\\Local\\Temp\\rust_mozprofile.aqNeKqDHiS0X"
console.error: Enterprise Policies: 
  Policy SearchEngines is only allowed on ESR
JavaScript error: resource://gre/modules/XULStore.jsm, line 66: Error: Can't find profile directory.
console.error: SearchCache: "_readCacheFile: Error reading cache file:" (new Error("", "(unknown module)"))
1605867425522	Marionette	INFO	Listening on port 53978
1605867425615	Marionette	WARN	TLS certificate errors will be ignored for this session
1605867470079	Marionette	INFO	Stopped listening on port 53978

###!!! [Child][RunMessage] Error: Channel closing: too late to send/recv, messages will be lost


###!!! [Child][MessageChannel::SendAndWait] Error: Channel error: cannot send/recv

1605867778563	mozrunner::runner	INFO	Running command: "C:\\Program Files\\Mozilla Firefox\\firefox.exe" "-marionette" "-foreground" "-no-remote" "-profile" "C:\\Users\\z003tnxs\\AppData\\Local\\Temp\\rust_mozprofile.my7hjbnrNlqZ"
console.error: Enterprise Policies: 
  Policy SearchEngines is only allowed on ESR
JavaScript error: resource://gre/modules/XULStore.jsm, line 66: Error: Can't find profile directory.
console.error: SearchCache: "_readCacheFile: Error reading cache file:" (new Error("", "(unknown module)"))
1605867785940	Marionette	INFO	Listening on port 54050
1605867786279	Marionette	WARN	TLS certificate errors will be ignored for this session
1605867832363	Marionette	INFO	Stopped listening on port 54050

###!!! [Child][MessageChannel::SendAndWait] Error: Channel error: cannot send/recv

1605867969131	mozrunner::runner	INFO	Running command: "C:\\Program Files\\Mozilla Firefox\\firefox.exe" "-marionette" "-foreground" "-no-remote" "-profile" "C:\\Users\\z003tnxs\\AppData\\Local\\Temp\\rust_mozprofile.XyShgMG6MFps"
console.error: Enterprise Policies: 
  Policy SearchEngines is only allowed on ESR
JavaScript error: resource://gre/modules/XULStore.jsm, line 66: Error: Can't find profile directory.
console.error: SearchCache: "_readCacheFile: Error reading cache file:" (new Error("", "(unknown module)"))
1605867977004	Marionette	INFO	Listening on port 54145
1605867977264	Marionette	WARN	TLS certificate errors will be ignored for this session
1605868023098	Marionette	INFO	Stopped listening on port 54145
JavaScript error: resource:///actors/LightweightThemeChild.jsm, line 28: TypeError: this.docShell is null

###!!! [Child][MessageChannel::SendAndWait] Error: Channel error: cannot send/recv

1605868231902	mozrunner::runner	INFO	Running command: "C:\\Program Files\\Mozilla Firefox\\firefox.exe" "-marionette" "-foreground" "-no-remote" "-profile" "C:\\Users\\z003tnxs\\AppData\\Local\\Temp\\rust_mozprofile.V27MaPFTl4hy"
console.error: Enterprise Policies: 
  Policy SearchEngines is only allowed on ESR
console.error: SearchCache: "_readCacheFile: Error reading cache file:" (new Error("", "(unknown module)"))
JavaScript error: resource://gre/modules/XULStore.jsm, line 66: Error: Can't find profile directory.
1605868241681	Marionette	INFO	Listening on port 54216
1605868242262	Marionette	WARN	TLS certificate errors will be ignored for this session
1605868295393	Marionette	INFO	Stopped listening on port 54216

###!!! [Child][RunMessage] Error: Channel closing: too late to send/recv, messages will be lost


###!!! [Child][MessageChannel::SendAndWait] Error: Channel error: cannot send/recv

1605868425069	mozrunner::runner	INFO	Running command: "C:\\Program Files\\Mozilla Firefox\\firefox.exe" "-marionette" "-foreground" "-no-remote" "-profile" "C:\\Users\\z003tnxs\\AppData\\Local\\Temp\\rust_mozprofile.w9GuSQgTGLqM"
console.error: Enterprise Policies: 
  Policy SearchEngines is only allowed on ESR
JavaScript error: resource://gre/modules/XULStore.jsm, line 66: Error: Can't find profile directory.
console.error: SearchCache: "_readCacheFile: Error reading cache file:" (new Error("", "(unknown module)"))
1605868430449	Marionette	INFO	Listening on port 54311
1605868430677	Marionette	WARN	TLS certificate errors will be ignored for this session
1605868489588	Marionette	INFO	Stopped listening on port 54311

###!!! [Child][RunMessage] Error: Channel closing: too late to send/recv, messages will be lost


###!!! [Child][MessageChannel::SendAndWait] Error: Channel error: cannot send/recv

1605868749698	mozrunner::runner	INFO	Running command: "C:\\Program Files\\Mozilla Firefox\\firefox.exe" "-marionette" "-foreground" "-no-remote" "-profile" "C:\\Users\\z003tnxs\\AppData\\Local\\Temp\\rust_mozprofile.NNxyRpo6ECV7"
console.error: Enterprise Policies: 
  Policy SearchEngines is only allowed on ESR
JavaScript error: resource://gre/modules/XULStore.jsm, line 66: Error: Can't find profile directory.
console.error: SearchCache: "_readCacheFile: Error reading cache file:" (new Error("", "(unknown module)"))
1605868753704	Marionette	INFO	Listening on port 54390
1605868754221	Marionette	WARN	TLS certificate errors will be ignored for this session
1605868788315	Marionette	INFO	Stopped listening on port 54390

###!!! [Child][MessageChannel::SendAndWait] Error: Channel error: cannot send/recv

1605869030930	mozrunner::runner	INFO	Running command: "C:\\Program Files\\Mozilla Firefox\\firefox.exe" "-marionette" "-foreground" "-no-remote" "-profile" "C:\\Users\\z003tnxs\\AppData\\Local\\Temp\\rust_mozprofile.wc918HaYzICa"
console.error: Enterprise Policies: 
  Policy SearchEngines is only allowed on ESR
JavaScript error: resource://gre/modules/XULStore.jsm, line 66: Error: Can't find profile directory.
console.error: SearchCache: "_readCacheFile: Error reading cache file:" (new Error("", "(unknown module)"))
1605869036566	Marionette	INFO	Listening on port 54519
1605869036681	Marionette	WARN	TLS certificate errors will be ignored for this session
1605869072779	Marionette	INFO	Stopped listening on port 54519

###!!! [Child][RunMessage] Error: Channel closing: too late to send/recv, messages will be lost


###!!! [Child][MessageChannel::SendAndWait] Error: Channel error: cannot send/recv

1605869320629	mozrunner::runner	INFO	Running command: "C:\\Program Files\\Mozilla Firefox\\firefox.exe" "-marionette" "-foreground" "-no-remote" "-profile" "C:\\Users\\z003tnxs\\AppData\\Local\\Temp\\rust_mozprofile.4TziOgW3JeyG"
console.error: Enterprise Policies: 
  Policy SearchEngines is only allowed on ESR
JavaScript error: resource://gre/modules/XULStore.jsm, line 66: Error: Can't find profile directory.
console.error: SearchCache: "_readCacheFile: Error reading cache file:" (new Error("", "(unknown module)"))
1605869326477	Marionette	INFO	Listening on port 54591
1605869326940	Marionette	WARN	TLS certificate errors will be ignored for this session
JavaScript error: https://admin-demo.nopcommerce.com/lib/datatables/datatables.min.js, line 48: TypeError: b is undefined
1605869340011	Marionette	WARN	TimedPromise timed out after 500 ms: stacktrace:
TimedPromise/<@chrome://marionette/content/sync.js:245:13
TimedPromise@chrome://marionette/content/sync.js:230:10
interaction.flushEventLoop@chrome://marionette/content/interaction.js:416:10
webdriverClickElement@chrome://marionette/content/interaction.js:182:31
send@https://admin-demo.nopcommerce.com/lib/jquery/jquery-3.4.1.min.js:2:81476
ajax@https://admin-demo.nopcommerce.com/lib/jquery/jquery-3.4.1.min.js:2:77295
s.ajax@https://admin-demo.nopcommerce.com/lib/jquery-migrate/jquery-migrate-3.1.0.min.js:2:3154
init@https://admin-demo.nopcommerce.com/js/admin.navigation.js:56:11
initOnce@https://admin-demo.nopcommerce.com/js/admin.navigation.js:90:17
init@https://admin-demo.nopcommerce.com/js/admin.search.js:72:30
@https://admin-demo.nopcommerce.com/Admin/Customer/List:148:46
e@https://admin-demo.nopcommerce.com/lib/jquery/jquery-3.4.1.min.js:2:29453
l/</t<@https://admin-demo.nopcommerce.com/lib/jquery/jquery-3.4.1.min.js:2:29755
1605869486402	Marionette	INFO	Stopped listening on port 54591

###!!! [Child][RunMessage] Error: Channel closing: too late to send/recv, messages will be lost


###!!! [Child][MessageChannel::SendAndWait] Error: Channel error: cannot send/recv

1605869821941	mozrunner::runner	INFO	Running command: "C:\\Program Files\\Mozilla Firefox\\firefox.exe" "-marionette" "-foreground" "-no-remote" "-profile" "C:\\Users\\z003tnxs\\AppData\\Local\\Temp\\rust_mozprofile.RnhTB9yEgKhf"
console.error: Enterprise Policies: 
  Policy SearchEngines is only allowed on ESR
JavaScript error: resource://gre/modules/XULStore.jsm, line 66: Error: Can't find profile directory.
console.error: SearchCache: "_readCacheFile: Error reading cache file:" (new Error("", "(unknown module)"))
1605869825731	Marionette	INFO	Listening on port 54860
1605869825827	Marionette	WARN	TLS certificate errors will be ignored for this session
IPDL protocol error: Handler returned error code!

###!!! [Parent][DispatchAsyncMessage] Error: PLayerTransaction::Msg_ReleaseLayer Processing error: message was deserialized, but the handler returned false (indicating failure)

IPDL protocol error: Handler returned error code!

###!!! [Parent][DispatchAsyncMessage] Error: PLayerTransaction::Msg_ReleaseLayer Processing error: message was deserialized, but the handler returned false (indicating failure)

IPDL protocol error: Handler returned error code!

###!!! [Parent][DispatchAsyncMessage] Error: PLayerTransaction::Msg_ReleaseLayer Processing error: message was deserialized, but the handler returned false (indicating failure)

IPDL protocol error: Handler returned error code!

###!!! [Parent][DispatchAsyncMessage] Error: PLayerTransaction::Msg_ReleaseLayer Processing error: message was deserialized, but the handler returned false (indicating failure)

IPDL protocol error: Handler returned error code!

###!!! [Parent][DispatchAsyncMessage] Error: PLayerTransaction::Msg_ReleaseLayer Processing error: message was deserialized, but the handler returned false (indicating failure)

1605871236325	Marionette	INFO	Stopped listening on port 54860

###!!! [Child][RunMessage] Error: Channel closing: too late to send/recv, messages will be lost


###!!! [Child][MessageChannel::SendAndWait] Error: Channel error: cannot send/recv

 profile directory.
console.error: SearchCache: "_readCacheFile: Error reading cache file:" (new Error("", "(unknown module)"))
1605870936469	Marionette	INFO	Listening on port 55953
1605870936637	Marionette	WARN	TLS certificate errors will be ignored for this session
1605870965882	Marionette	INFO	Stopped listening on port 55953

###!!! [Child][RunMessage] Error: Channel closing: too late to send/recv, messages will be lost


###!!! [Child][MessageChannel::SendAndWait] Error: Channel error: cannot send/recv

1605871195761	mozrunner::runner	INFO	Running command: "C:\\Program Files\\Mozilla Firefox\\firefox.exe" "-marionette" "-foreground" "-no-remote" "-profile" "C:\\Users\\z003tnxs\\AppData\\Local\\Temp\\rust_mozprofile.X5WTtxrjoaCV"
console.error: Enterprise Policies: 
  Policy SearchEngines is only allowed on ESR
JavaScript error: resource://gre/modules/XULStore.jsm, line 66: Error: Can't find profile directory.
console.error: SearchCache: "_readCacheFile: Error reading cache file:" (new Error("", "(unknown module)"))
1605871199259	Marionette	INFO	Listening on port 56232
1605871199703	Marionette	WARN	TLS certificate errors will be ignored for this session
1605871211268	Marionette	WARN	TimedPromise timed out after 500 ms: stacktrace:
TimedPromise/<@chrome://marionette/content/sync.js:245:13
TimedPromise@chrome://marionette/content/sync.js:230:10
interaction.flushEventLoop@chrome://marionette/content/interaction.js:416:10
webdriverClickElement@chrome://marionette/content/interaction.js:182:31
send@https://admin-demo.nopcommerce.com/lib/jquery/jquery-3.4.1.min.js:2:81476
ajax@https://admin-demo.nopcommerce.com/lib/jquery/jquery-3.4.1.min.js:2:77295
s.ajax@https://admin-demo.nopcommerce.com/lib/jquery-migrate/jquery-migrate-3.1.0.min.js:2:3154
init@https://admin-demo.nopcommerce.com/js/admin.navigation.js:56:11
initOnce@https://admin-demo.nopcommerce.com/js/admin.navigation.js:90:17
init@https://admin-demo.nopcommerce.com/js/admin.search.js:72:30
@https://admin-demo.nopcommerce.com/Admin/Customer/List:148:46
e@https://admin-demo.nopcommerce.com/lib/jquery/jquery-3.4.1.min.js:2:29453
l/</t<@https://admin-demo.nopcommerce.com/lib/jquery/jquery-3.4.1.min.js:2:29755
1605871235174	Marionette	INFO	Stopped listening on port 56232

###!!! [Child][RunMessage] Error: Channel closing: too late to send/recv, messages will be lost


###!!! [Child][MessageChannel::SendAndWait] Error: Channel error: cannot send/recv

1605871350676	mozrunner::runner	INFO	Running command: "C:\\Program Files\\Mozilla Firefox\\firefox.exe" "-marionette" "-foreground" "-no-remote" "-profile" "C:\\Users\\z003tnxs\\AppData\\Local\\Temp\\rust_mozprofile.56g5CBx1gyGD"
console.error: Enterprise Policies: 
  Policy SearchEngines is only allowed on ESR
JavaScript error: resource://gre/modules/XULStore.jsm, line 66: Error: Can't find profile directory.
console.error: SearchCache: "_readCacheFile: Error reading cache file:" (new Error("", "(unknown module)"))
1605871355691	Marionette	INFO	Listening on port 56414
1605871356001	Marionette	WARN	TLS certificate errors will be ignored for this session
1605871368178	Marionette	WARN	TimedPromise timed out after 500 ms: stacktrace:
TimedPromise/<@chrome://marionette/content/sync.js:245:13
TimedPromise@chrome://marionette/content/sync.js:230:10
interaction.flushEventLoop@chrome://marionette/content/interaction.js:416:10
webdriverClickElement@chrome://marionette/content/interaction.js:182:31
send@https://admin-demo.nopcommerce.com/lib/jquery/jquery-3.4.1.min.js:2:81476
ajax@https://admin-demo.nopcommerce.com/lib/jquery/jquery-3.4.1.min.js:2:77295
s.ajax@https://admin-demo.nopcommerce.com/lib/jquery-migrate/jquery-migrate-3.1.0.min.js:2:3154
init@https://admin-demo.nopcommerce.com/js/admin.navigation.js:56:11
initOnce@https://admin-demo.nopcommerce.com/js/admin.navigation.js:90:17
init@https://admin-demo.nopcommerce.com/js/admin.search.js:72:30
@https://admin-demo.nopcommerce.com/Admin/Customer/List:148:46
e@https://admin-demo.nopcommerce.com/lib/jquery/jquery-3.4.1.min.js:2:29453
l/</t<@https://admin-demo.nopcommerce.com/lib/jquery/jquery-3.4.1.min.js:2:29755
1605871373472	Marionette	INFO	Stopped listening on port 56414

###!!! [Child][RunMessage] Error: Channel closing: too late to send/recv, messages will be lost


###!!! [Child][RunMessage] Error: Channel closing: too late to send/recv, messages will be lost


###!!! [Child][MessageChannel::SendAndWait] Error: Channel error: cannot send/recv

1605871601117	mozrunner::runner	INFO	Running command: "C:\\Program Files\\Mozilla Firefox\\firefox.exe" "-marionette" "-foreground" "-no-remote" "-profile" "C:\\Users\\z003tnxs\\AppData\\Local\\Temp\\rust_mozprofile.SAqNguYhuOU2"
console.error: Enterprise Policies: 
  Policy SearchEngines is only allowed on ESR
JavaScript error: resource://gre/modules/XULStore.jsm, line 66: Error: Can't find profile directory.
console.error: SearchCache: "_readCacheFile: Error reading cache file:" (new Error("", "(unknown module)"))
1605871605966	Marionette	INFO	Listening on port 56700
1605871606254	Marionette	WARN	TLS certificate errors will be ignored for this session
1605871618334	Marionette	WARN	TimedPromise timed out after 500 ms: stacktrace:
TimedPromise/<@chrome://marionette/content/sync.js:245:13
TimedPromise@chrome://marionette/content/sync.js:230:10
interaction.flushEventLoop@chrome://marionette/content/interaction.js:416:10
webdriverClickElement@chrome://marionette/content/interaction.js:182:31
send@https://admin-demo.nopcommerce.com/lib/jquery/jquery-3.4.1.min.js:2:81476
ajax@https://admin-demo.nopcommerce.com/lib/jquery/jquery-3.4.1.min.js:2:77295
s.ajax@https://admin-demo.nopcommerce.com/lib/jquery-migrate/jquery-migrate-3.1.0.min.js:2:3154
init@https://admin-demo.nopcommerce.com/js/admin.navigation.js:56:11
initOnce@https://admin-demo.nopcommerce.com/js/admin.navigation.js:90:17
init@https://admin-demo.nopcommerce.com/js/admin.search.js:72:30
@https://admin-demo.nopcommerce.com/Admin/Customer/List:148:46
e@https://admin-demo.nopcommerce.com/lib/jquery/jquery-3.4.1.min.js:2:29453
l/</t<@https://admin-demo.nopcommerce.com/lib/jquery/jquery-3.4.1.min.js:2:29755
1605871623638	Marionette	INFO	Stopped listening on port 56700

###!!! [Child][RunMessage] Error: Channel closing: too late to send/recv, messages will be lost


###!!! [Child][MessageChannel::SendAndWait] Error: Channel error: cannot send/recv

1605871863903	mozrunner::runner	INFO	Running command: "C:\\Program Files\\Mozilla Firefox\\firefox.exe" "-marionette" "-foreground" "-no-remote" "-profile" "C:\\Users\\z003tnxs\\AppData\\Local\\Temp\\rust_mozprofile.0xWp0NEc42WW"
console.error: Enterprise Policies: 
  Policy SearchEngines is only allowed on ESR
console.error: SearchCache: "_readCacheFile: Error reading cache file:" (new Error("", "(unknown module)"))
JavaScript error: resource://gre/modules/XULStore.jsm, line 66: Error: Can't find profile directory.
1605871870563	Marionette	INFO	Listening on port 56979
1605871870799	Marionette	WARN	TLS certificate errors will be ignored for this session
1605871880878	Marionette	WARN	TimedPromise timed out after 500 ms: stacktrace:
TimedPromise/<@chrome://marionette/content/sync.js:245:13
TimedPromise@chrome://marionette/content/sync.js:230:10
interaction.flushEventLoop@chrome://marionette/content/interaction.js:416:10
webdriverClickElement@chrome://marionette/content/interaction.js:182:31
1605871882660	Marionette	WARN	TimedPromise timed out after 500 ms: stacktrace:
TimedPromise/<@chrome://marionette/content/sync.js:245:13
TimedPromise@chrome://marionette/content/sync.js:230:10
interaction.flushEventLoop@chrome://marionette/content/interaction.js:416:10
webdriverClickElement@chrome://marionette/content/interaction.js:182:31
1605871894985	Marionette	INFO	Stopped listening on port 56979

###!!! [Child][RunMessage] Error: Channel closing: too late to send/recv, messages will be lost


###!!! [Child][MessageChannel::SendAndWait] Error: Channel error: cannot send/recv

1605872109136	mozrunner::runner	INFO	Running command: "C:\\Program Files\\Mozilla Firefox\\firefox.exe" "-marionette" "-foreground" "-no-remote" "-profile" "C:\\Users\\z003tnxs\\AppData\\Local\\Temp\\rust_mozprofile.i9a1I8PMTkb6"
console.error: Enterprise Policies: 
  Policy SearchEngines is only allowed on ESR
console.error: SearchCache: "_readCacheFile: Error reading cache file:" (new Error("", "(unknown module)"))
JavaScript error: resource://gre/modules/XULStore.jsm, line 66: Error: Can't find profile directory.
1605872114903	Marionette	INFO	Listening on port 57232
1605872114926	Marionette	WARN	TLS certificate errors will be ignored for this session
JavaScript error: https://admin-demo.nopcommerce.com/lib/datatables/datatables.min.js, line 48: TypeError: b is undefined
1605872140215	Marionette	INFO	Stopped listening on port 57232

###!!! [Child][RunMessage] Error: Channel closing: too late to send/recv, messages will be lost


###!!! [Child][MessageChannel::SendAndWait] Error: Channel error: cannot send/recv

1605872241463	mozrunner::runner	INFO	Running command: "C:\\Program Files\\Mozilla Firefox\\firefox.exe" "-marionette" "-foreground" "-no-remote" "-profile" "C:\\Users\\z003tnxs\\AppData\\Local\\Temp\\rust_mozprofile.3OLmyI4oAKZ3"
console.error: Enterprise Policies: 
  Policy SearchEngines is only allowed on ESR
JavaScript error: resource://gre/modules/XULStore.jsm, line 66: Error: Can't find profile directory.
console.error: SearchCache: "_readCacheFile: Error reading cache file:" (new Error("", "(unknown module)"))
1605872245156	Marionette	INFO	Listening on port 57402
1605872245414	Marionette	WARN	TLS certificate errors will be ignored for this session
1605872268639	Marionette	INFO	Stopped listening on port 57402

###!!! [Child][RunMessage] Error: Channel closing: too late to send/recv, messages will be lost


###!!! [Child][MessageChannel::SendAndWait] Error: Channel error: cannot send/recv

1605872426722	mozrunner::runner	INFO	Running command: "C:\\Program Files\\Mozilla Firefox\\firefox.exe" "-marionette" "-foreground" "-no-remote" "-profile" "C:\\Users\\z003tnxs\\AppData\\Local\\Temp\\rust_mozprofile.RFoDcnBGP4bK"
console.error: Enterprise Policies: 
  Policy SearchEngines is only allowed on ESR
console.error: SearchCache: "_readCacheFile: Error reading cache file:" (new Error("", "(unknown module)"))
JavaScript error: resource://gre/modules/XULStore.jsm, line 66: Error: Can't find profile directory.
1605872431882	Marionette	INFO	Listening on port 57628
1605872432472	Marionette	WARN	TLS certificate errors will be ignored for this session
1605872444198	Marionette	WARN	TimedPromise timed out after 500 ms: stacktrace:
TimedPromise/<@chrome://marionette/content/sync.js:245:13
TimedPromise@chrome://marionette/content/sync.js:230:10
interaction.flushEventLoop@chrome://marionette/content/interaction.js:416:10
webdriverClickElement@chrome://marionette/content/interaction.js:182:31
1605872453022	Marionette	INFO	Stopped listening on port 57628

###!!! [Child][RunMessage] Error: Channel closing: too late to send/recv, messages will be lost


###!!! [Child][MessageChannel::SendAndWait] Error: Channel error: cannot send/recv

1605872591216	mozrunner::runner	INFO	Running command: "C:\\Program Files\\Mozilla Firefox\\firefox.exe" "-marionette" "-foreground" "-no-remote" "-profile" "C:\\Users\\z003tnxs\\AppData\\Local\\Temp\\rust_mozprofile.FYggTUjLjbSu"
console.error: Enterprise Policies: 
  Policy SearchEngines is only allowed on ESR
JavaScript error: resource://gre/modules/XULStore.jsm, line 66: Error: Can't find profile directory.
console.error: SearchCache: "_readCacheFile: Error reading cache file:" (new Error("", "(unknown module)"))
1605872596477	Marionette	INFO	Listening on port 57854
1605872596618	Marionette	WARN	TLS certificate errors will be ignored for this session
1605872617681	Marionette	INFO	Stopped listening on port 57854

###!!! [Child][RunMessage] Error: Channel closing: too late to send/recv, messages will be lost


###!!! [Child][MessageChannel::SendAndWait] Error: Channel error: cannot send/recv

1605872660667	mozrunner::runner	INFO	Running command: "C:\\Program Files\\Mozilla Firefox\\firefox.exe" "-marionette" "-foreground" "-no-remote" "-profile" "C:\\Users\\z003tnxs\\AppData\\Local\\Temp\\rust_mozprofile.F68inOcsKzpq"
console.error: Enterprise Policies: 
  Policy SearchEngines is only allowed on ESR
console.error: SearchCache: "_readCacheFile: Error reading cache file:" (new Error("", "(unknown module)"))
JavaScript error: resource://gre/modules/XULStore.jsm, line 66: Error: Can't find profile directory.
1605872665587	Marionette	INFO	Listening on port 57984
1605872665819	Marionette	WARN	TLS certificate errors will be ignored for this session
1605872687145	Marionette	INFO	Stopped listening on port 57984

###!!! [Child][RunMessage] Error: Channel closing: too late to send/recv, messages will be lost


###!!! [Child][RunMessage] Error: Channel closing: too late to send/recv, messages will be lost


###!!! [Child][MessageChannel::SendAndWait] Error: Channel error: cannot send/recv

1605872924805	mozrunner::runner	INFO	Running command: "C:\\Program Files\\Mozilla Firefox\\firefox.exe" "-marionette" "-foreground" "-no-remote" "-profile" "C:\\Users\\z003tnxs\\AppData\\Local\\Temp\\rust_mozprofile.7J1lRKmyX1cU"
console.error: Enterprise Policies: 
  Policy SearchEngines is only allowed on ESR
console.error: SearchCache: "_readCacheFile: Error reading cache file:" (new Error("", "(unknown module)"))
JavaScript error: resource://gre/modules/XULStore.jsm, line 66: Error: Can't find profile directory.
1605872929740	Marionette	INFO	Listening on port 58254
1605872929924	Marionette	WARN	TLS certificate errors will be ignored for this session
1605872952853	Marionette	INFO	Stopped listening on port 58254

###!!! [Child][RunMessage] Error: Channel closing: too late to send/recv, messages will be lost


###!!! [Child][MessageChannel::SendAndWait] Error: Channel error: cannot send/recv

1605873152279	mozrunner::runner	INFO	Running command: "C:\\Program Files\\Mozilla Firefox\\firefox.exe" "-marionette" "-foreground" "-no-remote" "-profile" "C:\\Users\\z003tnxs\\AppData\\Local\\Temp\\rust_mozprofile.T2nF6jfCM4Ij"
console.error: Enterprise Policies: 
  Policy SearchEngines is only allowed on ESR
JavaScript error: resource://gre/modules/XULStore.jsm, line 66: Error: Can't find profile directory.
console.error: SearchCache: "_readCacheFile: Error reading cache file:" (new Error("", "(unknown module)"))
1605873156229	Marionette	INFO	Listening on port 58505
1605873156321	Marionette	WARN	TLS certificate errors will be ignored for this session
1605873178503	Marionette	INFO	Stopped listening on port 58505

###!!! [Child][RunMessage] Error: Channel closing: too late to send/recv, messages will be lost


###!!! [Child][MessageChannel::SendAndWait] Error: Channel error: cannot send/recv

1605873334710	mozrunner::runner	INFO	Running command: "C:\\Program Files\\Mozilla Firefox\\firefox.exe" "-marionette" "-foreground" "-no-remote" "-profile" "C:\\Users\\z003tnxs\\AppData\\Local\\Temp\\rust_mozprofile.F0XRtF9abN2t"
console.error: Enterprise Policies: 
  Policy SearchEngines is only allowed on ESR
console.error: SearchCache: "_readCacheFile: Error reading cache file:" (new Error("", "(unknown module)"))
JavaScript error: resource://gre/modules/XULStore.jsm, line 66: Error: Can't find profile directory.
1605873338759	Marionette	INFO	Listening on port 58702
1605873339202	Marionette	WARN	TLS certificate errors will be ignored for this session
1605873380757	Marionette	INFO	Stopped listening on port 58702

###!!! [Child][RunMessage] Error: Channel closing: too late to send/recv, messages will be lost


###!!! [Child][MessageChannel::SendAndWait] Error: Channel error: cannot send/recv

1605873439483	mozrunner::runner	INFO	Running command: "C:\\Program Files\\Mozilla Firefox\\firefox.exe" "-marionette" "-foreground" "-no-remote" "-profile" "C:\\Users\\z003tnxs\\AppData\\Local\\Temp\\rust_mozprofile.ttByC8IP1WiN"
console.error: Enterprise Policies: 
  Policy SearchEngines is only allowed on ESR
JavaScript error: resource://gre/modules/XULStore.jsm, line 66: Error: Can't find profile directory.
console.error: SearchCache: "_readCacheFile: Error reading cache file:" (new Error("", "(unknown module)"))
1605873443187	Marionette	INFO	Listening on port 58837
1605873443400	Marionette	WARN	TLS certificate errors will be ignored for this session
1605873466678	Marionette	INFO	Stopped listening on port 58837

###!!! [Child][RunMessage] Error: Channel closing: too late to send/recv, messages will be lost


###!!! [Child][RunMessage] Error: Channel closing: too late to send/recv, messages will be lost


###!!! [Child][MessageChannel::SendAndWait] Error: Channel error: cannot send/recv

1605873830050	mozrunner::runner	INFO	Running command: "C:\\Program Files\\Mozilla Firefox\\firefox.exe" "-marionette" "-foreground" "-no-remote" "-profile" "C:\\Users\\z003tnxs\\AppData\\Local\\Temp\\rust_mozprofile.7i9zqwxvwQ8H"
console.error: Enterprise Policies: 
  Policy SearchEngines is only allowed on ESR
JavaScript error: resource://gre/modules/XULStore.jsm, line 66: Error: Can't find profile directory.
console.error: SearchCache: "_readCacheFile: Error reading cache file:" (new Error("", "(unknown module)"))
1605873834176	Marionette	INFO	Listening on port 59227
1605873834430	Marionette	WARN	TLS certificate errors will be ignored for this session
1605873846274	Marionette	WARN	TimedPromise timed out after 500 ms: stacktrace:
TimedPromise/<@chrome://marionette/content/sync.js:245:13
TimedPromise@chrome://marionette/content/sync.js:230:10
interaction.flushEventLoop@chrome://marionette/content/interaction.js:416:10
webdriverClickElement@chrome://marionette/content/interaction.js:182:31
send@https://admin-demo.nopcommerce.com/lib/jquery/jquery-3.4.1.min.js:2:81476
ajax@https://admin-demo.nopcommerce.com/lib/jquery/jquery-3.4.1.min.js:2:77295
s.ajax@https://admin-demo.nopcommerce.com/lib/jquery-migrate/jquery-migrate-3.1.0.min.js:2:3154
init@https://admin-demo.nopcommerce.com/js/admin.navigation.js:56:11
initOnce@https://admin-demo.nopcommerce.com/js/admin.navigation.js:90:17
init@https://admin-demo.nopcommerce.com/js/admin.search.js:72:30
@https://admin-demo.nopcommerce.com/Admin/Customer/List:148:46
e@https://admin-demo.nopcommerce.com/lib/jquery/jquery-3.4.1.min.js:2:29453
l/</t<@https://admin-demo.nopcommerce.com/lib/jquery/jquery-3.4.1.min.js:2:29755
1605873856956	Marionette	INFO	Stopped listening on port 59227

###!!! [Child][RunMessage] Error: Channel closing: too late to send/recv, messages will be lost


###!!! [Child][RunMessage] Error: Channel closing: too late to send/recv, messages will be lost


###!!! [Child][MessageChannel::SendAndWait] Error: Channel error: cannot send/recv

1605873891702	mozrunner::runner	INFO	Running command: "C:\\Program Files\\Mozilla Firefox\\firefox.exe" "-marionette" "-foreground" "-no-remote" "-profile" "C:\\Users\\z003tnxs\\AppData\\Local\\Temp\\rust_mozprofile.ZkZgsBxUvbKc"
console.error: Enterprise Policies: 
  Policy SearchEngines is only allowed on ESR
JavaScript error: resource://gre/modules/XULStore.jsm, line 66: Error: Can't find profile directory.
console.error: SearchCache: "_readCacheFile: Error reading cache file:" (new Error("", "(unknown module)"))
1605873895448	Marionette	INFO	Listening on port 59328
1605873895608	Marionette	WARN	TLS certificate errors will be ignored for this session
1605873906765	Marionette	WARN	TimedPromise timed out after 500 ms: stacktrace:
TimedPromise/<@chrome://marionette/content/sync.js:245:13
TimedPromise@chrome://marionette/content/sync.js:230:10
interaction.flushEventLoop@chrome://marionette/content/interaction.js:416:10
webdriverClickElement@chrome://marionette/content/interaction.js:182:31
send@https://admin-demo.nopcommerce.com/lib/jquery/jquery-3.4.1.min.js:2:81476
ajax@https://admin-demo.nopcommerce.com/lib/jquery/jquery-3.4.1.min.js:2:77295
s.ajax@https://admin-demo.nopcommerce.com/lib/jquery-migrate/jquery-migrate-3.1.0.min.js:2:3154
init@https://admin-demo.nopcommerce.com/js/admin.navigation.js:56:11
initOnce@https://admin-demo.nopcommerce.com/js/admin.navigation.js:90:17
init@https://admin-demo.nopcommerce.com/js/admin.search.js:72:30
@https://admin-demo.nopcommerce.com/Admin/Customer/List:148:46
e@https://admin-demo.nopcommerce.com/lib/jquery/jquery-3.4.1.min.js:2:29453
l/</t<@https://admin-demo.nopcommerce.com/lib/jquery/jquery-3.4.1.min.js:2:29755
1605873917484	Marionette	INFO	Stopped listening on port 59328

###!!! [Child][RunMessage] Error: Channel closing: too late to send/recv, messages will be lost


###!!! [Child][MessageChannel::SendAndWait] Error: Channel error: cannot send/recv

1605880603149	mozrunner::runner	INFO	Running command: "C:\\Program Files\\Mozilla Firefox\\firefox.exe" "-marionette" "-foreground" "-no-remote" "-profile" "C:\\Users\\z003tnxs\\AppData\\Local\\Temp\\rust_mozprofile.7Bsun9lZ14aT"
console.error: Enterprise Policies: 
  Policy SearchEngines is only allowed on ESR
JavaScript error: resource://gre/modules/XULStore.jsm, line 66: Error: Can't find profile directory.
console.error: SearchCache: "_readCacheFile: Error reading cache file:" (new Error("", "(unknown module)"))
1605880608353	Marionette	INFO	Listening on port 65324
1605880608741	Marionette	WARN	TLS certificate errors will be ignored for this session
1605880641124	Marionette	INFO	Stopped listening on port 65324
IPDL protocol error: Handler returned error code!

###!!! [Parent][DispatchAsyncMessage] Error: PLayerTransaction::Msg_ReleaseLayer Processing error: message was deserialized, but the handler returned false (indicating failure)

IPDL protocol error: Handler returned error code!

###!!! [Parent][DispatchAsyncMessage] Error: PLayerTransaction::Msg_ReleaseLayer Processing error: message was deserialized, but the handler returned false (indicating failure)


###!!! [Child][RunMessage] Error: Channel closing: too late to send/recv, messages will be lost


###!!! [Child][MessageChannel::SendAndWait] Error: Channel error: cannot send/recv

1605880643092	mozrunner::runner	INFO	Running command: "C:\\Program Files\\Mozilla Firefox\\firefox.exe" "-marionette" "-foreground" "-no-remote" "-profile" "C:\\Users\\z003tnxs\\AppData\\Local\\Temp\\rust_mozprofile.8POqu4BG0S9O"
console.error: Enterprise Policies: 
  Policy SearchEngines is only allowed on ESR
JavaScript error: resource://gre/modules/XULStore.jsm, line 66: Error: Can't find profile directory.
console.error: SearchCache: "_readCacheFile: Error reading cache file:" (new Error("", "(unknown module)"))
1605880647650	Marionette	INFO	Listening on port 65372
1605880647675	Marionette	WARN	TLS certificate errors will be ignored for this session
1605880652027	Marionette	INFO	Stopped listening on port 65372

###!!! [Child][MessageChannel::SendAndWait] Error: Channel error: cannot send/recv

1605880654320	mozrunner::runner	INFO	Running command: "C:\\Program Files\\Mozilla Firefox\\firefox.exe" "-marionette" "-foreground" "-no-remote" "-profile" "C:\\Users\\z003tnxs\\AppData\\Local\\Temp\\rust_mozprofile.hw6RkXMBQ46g"
console.error: Enterprise Policies: 
  Policy SearchEngines is only allowed on ESR
JavaScript error: resource://gre/modules/XULStore.jsm, line 66: Error: Can't find profile directory.
console.error: SearchCache: "_readCacheFile: Error reading cache file:" (new Error("", "(unknown module)"))
1605880659164	Marionette	INFO	Listening on port 65413
1605880659202	Marionette	WARN	TLS certificate errors will be ignored for this session
1605880668585	Marionette	INFO	Stopped listening on port 65413

###!!! [Child][RunMessage] Error: Channel closing: too late to send/recv, messages will be lost


###!!! [Child][MessageChannel::SendAndWait] Error: Channel error: cannot send/recv

1605880670865	mozrunner::runner	INFO	Running command: "C:\\Program Files\\Mozilla Firefox\\firefox.exe" "-marionette" "-foreground" "-no-remote" "-profile" "C:\\Users\\z003tnxs\\AppData\\Local\\Temp\\rust_mozprofile.rplQa9OjMN9w"
console.error: Enterprise Policies: 
  Policy SearchEngines is only allowed on ESR
JavaScript error: resource://gre/modules/XULStore.jsm, line 66: Error: Can't find profile directory.
console.error: SearchCache: "_readCacheFile: Error reading cache file:" (new Error("", "(unknown module)"))
1605880675347	Marionette	INFO	Listening on port 65464
1605880675453	Marionette	WARN	TLS certificate errors will be ignored for this session
1605880710714	Marionette	INFO	Stopped listening on port 65464

###!!! [Child][RunMessage] Error: Channel closing: too late to send/recv, messages will be lost


###!!! [Child][MessageChannel::SendAndWait] Error: Channel error: cannot send/recv

1605880712509	mozrunner::runner	INFO	Running command: "C:\\Program Files\\Mozilla Firefox\\firefox.exe" "-marionette" "-foreground" "-no-remote" "-profile" "C:\\Users\\z003tnxs\\AppData\\Local\\Temp\\rust_mozprofile.kZrgXbxrZmR0"
console.error: Enterprise Policies: 
  Policy SearchEngines is only allowed on ESR
JavaScript error: resource://gre/modules/XULStore.jsm, line 66: Error: Can't find profile directory.
console.error: SearchCache: "_readCacheFile: Error reading cache file:" (new Error("", "(unknown module)"))
1605880716909	Marionette	INFO	Listening on port 65510
1605880717102	Marionette	WARN	TLS certificate errors will be ignored for this session
1605880729766	Marionette	WARN	TimedPromise timed out after 500 ms: stacktrace:
TimedPromise/<@chrome://marionette/content/sync.js:245:13
TimedPromise@chrome://marionette/content/sync.js:230:10
interaction.flushEventLoop@chrome://marionette/content/interaction.js:416:10
webdriverClickElement@chrome://marionette/content/interaction.js:182:31
send@https://admin-demo.nopcommerce.com/lib/jquery/jquery-3.4.1.min.js:2:81476
ajax@https://admin-demo.nopcommerce.com/lib/jquery/jquery-3.4.1.min.js:2:77295
s.ajax@https://admin-demo.nopcommerce.com/lib/jquery-migrate/jquery-migrate-3.1.0.min.js:2:3154
init@https://admin-demo.nopcommerce.com/js/admin.navigation.js:56:11
initOnce@https://admin-demo.nopcommerce.com/js/admin.navigation.js:90:17
init@https://admin-demo.nopcommerce.com/js/admin.search.js:72:30
@https://admin-demo.nopcommerce.com/Admin/Customer/List:148:46
e@https://admin-demo.nopcommerce.com/lib/jquery/jquery-3.4.1.min.js:2:29453
l/</t<@https://admin-demo.nopcommerce.com/lib/jquery/jquery-3.4.1.min.js:2:29755
1605880740460	Marionette	INFO	Stopped listening on port 65510

###!!! [Child][RunMessage] Error: Channel closing: too late to send/recv, messages will be lost


###!!! [Child][MessageChannel::SendAndWait] Error: Channel error: cannot send/recv

1605880742198	mozrunner::runner	INFO	Running command: "C:\\Program Files\\Mozilla Firefox\\firefox.exe" "-marionette" "-foreground" "-no-remote" "-profile" "C:\\Users\\z003tnxs\\AppData\\Local\\Temp\\rust_mozprofile.5SqAQOnPKQH0"
console.error: Enterprise Policies: 
  Policy SearchEngines is only allowed on ESR
JavaScript error: resource://gre/modules/XULStore.jsm, line 66: Error: Can't find profile directory.
console.error: SearchCache: "_readCacheFile: Error reading cache file:" (new Error("", "(unknown module)"))
1605880746576	Marionette	INFO	Listening on port 49181
1605880746846	Marionette	WARN	TLS certificate errors will be ignored for this session
1605880767362	Marionette	INFO	Stopped listening on port 49181

###!!! [Child][RunMessage] Error: Channel closing: too late to send/recv, messages will be lost


###!!! [Child][RunMessage] Error: Channel closing: too late to send/recv, messages will be lost


###!!! [Child][MessageChannel::SendAndWait] Error: Channel error: cannot send/recv

1605880980954	mozrunner::runner	INFO	Running command: "C:\\Program Files\\Mozilla Firefox\\firefox.exe" "-marionette" "-foreground" "-no-remote" "-profile" "C:\\Users\\z003tnxs\\AppData\\Local\\Temp\\rust_mozprofile.DEmYw76WBwFv"
console.error: Enterprise Policies: 
  Policy SearchEngines is only allowed on ESR
JavaScript error: resource://gre/modules/XULStore.jsm, line 66: Error: Can't find profile directory.
console.error: SearchCache: "_readCacheFile: Error reading cache file:" (new Error("", "(unknown module)"))
1605880984961	Marionette	INFO	Listening on port 49261
1605880985485	Marionette	WARN	TLS certificate errors will be ignored for this session
1605881016083	Marionette	INFO	Stopped listening on port 49261
IPDL protocol error: Handler returned error code!

###!!! [Parent][DispatchAsyncMessage] Error: PLayerTransaction::Msg_ReleaseLayer Processing error: message was deserialized, but the handler returned false (indicating failure)

IPDL protocol error: Handler returned error code!

###!!! [Parent][DispatchAsyncMessage] Error: PLayerTransaction::Msg_ReleaseLayer Processing error: message was deserialized, but the handler returned false (indicating failure)


###!!! [Child][RunMessage] Error: Channel closing: too late to send/recv, messages will be lost


###!!! [Child][MessageChannel::SendAndWait] Error: Channel error: cannot send/recv

1605881017975	mozrunner::runner	INFO	Running command: "C:\\Program Files\\Mozilla Firefox\\firefox.exe" "-marionette" "-foreground" "-no-remote" "-profile" "C:\\Users\\z003tnxs\\AppData\\Local\\Temp\\rust_mozprofile.TOGdhGafMxG6"
console.error: Enterprise Policies: 
  Policy SearchEngines is only allowed on ESR
JavaScript error: resource://gre/modules/XULStore.jsm, line 66: Error: Can't find profile directory.
console.error: SearchCache: "_readCacheFile: Error reading cache file:" (new Error("", "(unknown module)"))
1605881021998	Marionette	INFO	Listening on port 49312
1605881022494	Marionette	WARN	TLS certificate errors will be ignored for this session
1605881026337	Marionette	INFO	Stopped listening on port 49312

###!!! [Child][RunMessage] Error: Channel closing: too late to send/recv, messages will be lost


###!!! [Child][MessageChannel::SendAndWait] Error: Channel error: cannot send/recv

1605881028052	mozrunner::runner	INFO	Running command: "C:\\Program Files\\Mozilla Firefox\\firefox.exe" "-marionette" "-foreground" "-no-remote" "-profile" "C:\\Users\\z003tnxs\\AppData\\Local\\Temp\\rust_mozprofile.9l94KAGpezvJ"
console.error: Enterprise Policies: 
  Policy SearchEngines is only allowed on ESR
JavaScript error: resource://gre/modules/XULStore.jsm, line 66: Error: Can't find profile directory.
console.error: SearchCache: "_readCacheFile: Error reading cache file:" (new Error("", "(unknown module)"))
1605881032165	Marionette	INFO	Listening on port 49356
1605881032708	Marionette	WARN	TLS certificate errors will be ignored for this session
1605881042811	Marionette	INFO	Stopped listening on port 49356

###!!! [Child][RunMessage] Error: Channel closing: too late to send/recv, messages will be lost


###!!! [Child][MessageChannel::SendAndWait] Error: Channel error: cannot send/recv

1605881044749	mozrunner::runner	INFO	Running command: "C:\\Program Files\\Mozilla Firefox\\firefox.exe" "-marionette" "-foreground" "-no-remote" "-profile" "C:\\Users\\z003tnxs\\AppData\\Local\\Temp\\rust_mozprofile.bUvZWLncvD2u"
console.error: Enterprise Policies: 
  Policy SearchEngines is only allowed on ESR
JavaScript error: resource://gre/modules/XULStore.jsm, line 66: Error: Can't find profile directory.
console.error: SearchCache: "_readCacheFile: Error reading cache file:" (new Error("", "(unknown module)"))
1605881048899	Marionette	INFO	Listening on port 49399
1605881049173	Marionette	WARN	TLS certificate errors will be ignored for this session
1605881083531	Marionette	INFO	Stopped listening on port 49399

###!!! [Child][RunMessage] Error: Channel closing: too late to send/recv, messages will be lost


###!!! [Child][MessageChannel::SendAndWait] Error: Channel error: cannot send/recv

1605881085364	mozrunner::runner	INFO	Running command: "C:\\Program Files\\Mozilla Firefox\\firefox.exe" "-marionette" "-foreground" "-no-remote" "-profile" "C:\\Users\\z003tnxs\\AppData\\Local\\Temp\\rust_mozprofile.LYpt7Siy21wT"
console.error: Enterprise Policies: 
  Policy SearchEngines is only allowed on ESR
JavaScript error: resource://gre/modules/XULStore.jsm, line 66: Error: Can't find profile directory.
console.error: SearchCache: "_readCacheFile: Error reading cache file:" (new Error("", "(unknown module)"))
1605881089409	Marionette	INFO	Listening on port 49448
1605881089812	Marionette	WARN	TLS certificate errors will be ignored for this session
1605881103727	Marionette	WARN	TimedPromise timed out after 500 ms: stacktrace:
TimedPromise/<@chrome://marionette/content/sync.js:245:13
TimedPromise@chrome://marionette/content/sync.js:230:10
interaction.flushEventLoop@chrome://marionette/content/interaction.js:416:10
webdriverClickElement@chrome://marionette/content/interaction.js:182:31
send@https://admin-demo.nopcommerce.com/lib/jquery/jquery-3.4.1.min.js:2:81476
ajax@https://admin-demo.nopcommerce.com/lib/jquery/jquery-3.4.1.min.js:2:77295
s.ajax@https://admin-demo.nopcommerce.com/lib/jquery-migrate/jquery-migrate-3.1.0.min.js:2:3154
init@https://admin-demo.nopcommerce.com/js/admin.navigation.js:56:11
initOnce@https://admin-demo.nopcommerce.com/js/admin.navigation.js:90:17
init@https://admin-demo.nopcommerce.com/js/admin.search.js:72:30
@https://admin-demo.nopcommerce.com/Admin/Customer/List:148:46
e@https://admin-demo.nopcommerce.com/lib/jquery/jquery-3.4.1.min.js:2:29453
l/</t<@https://admin-demo.nopcommerce.com/lib/jquery/jquery-3.4.1.min.js:2:29755
1605881114374	Marionette	INFO	Stopped listening on port 49448

###!!! [Child][RunMessage] Error: Channel closing: too late to send/recv, messages will be lost


###!!! [Child][MessageChannel::SendAndWait] Error: Channel error: cannot send/recv

1605881116202	mozrunner::runner	INFO	Running command: "C:\\Program Files\\Mozilla Firefox\\firefox.exe" "-marionette" "-foreground" "-no-remote" "-profile" "C:\\Users\\z003tnxs\\AppData\\Local\\Temp\\rust_mozprofile.yI0ovZnt6XAd"
console.error: Enterprise Policies: 
  Policy SearchEngines is only allowed on ESR
JavaScript error: resource://gre/modules/XULStore.jsm, line 66: Error: Can't find profile directory.
console.error: SearchCache: "_readCacheFile: Error reading cache file:" (new Error("", "(unknown module)"))
1605881121123	Marionette	INFO	Listening on port 49493
1605881121156	Marionette	WARN	TLS certificate errors will be ignored for this session
1605881141239	Marionette	INFO	Stopped listening on port 49493

###!!! [Child][RunMessage] Error: Channel closing: too late to send/recv, messages will be lost


###!!! [Child][MessageChannel::SendAndWait] Error: Channel error: cannot send/recv

1605881692814	mozrunner::runner	INFO	Running command: "C:\\Program Files\\Mozilla Firefox\\firefox.exe" "-marionette" "-foreground" "-no-remote" "-profile" "C:\\Users\\z003tnxs\\AppData\\Local\\Temp\\rust_mozprofile.lZPqxnJe21Np"
console.error: Enterprise Policies: 
  Policy SearchEngines is only allowed on ESR
JavaScript error: resource://gre/modules/XULStore.jsm, line 66: Error: Can't find profile directory.
console.error: SearchCache: "_readCacheFile: Error reading cache file:" (new Error("", "(unknown module)"))
1605881698092	Marionette	INFO	Listening on port 49640
1605881698688	Marionette	WARN	TLS certificate errors will be ignored for this session
1605881729413	Marionette	INFO	Stopped listening on port 49640
IPDL protocol error: Handler returned error code!

###!!! [Parent][DispatchAsyncMessage] Error: PLayerTransaction::Msg_ReleaseLayer Processing error: message was deserialized, but the handler returned false (indicating failure)

IPDL protocol error: Handler returned error code!

###!!! [Parent][DispatchAsyncMessage] Error: PLayerTransaction::Msg_ReleaseLayer Processing error: message was deserialized, but the handler returned false (indicating failure)


###!!! [Child][MessageChannel::SendAndWait] Error: Channel error: cannot send/recv

1605881731395	mozrunner::runner	INFO	Running command: "C:\\Program Files\\Mozilla Firefox\\firefox.exe" "-marionette" "-foreground" "-no-remote" "-profile" "C:\\Users\\z003tnxs\\AppData\\Local\\Temp\\rust_mozprofile.eREfCpqR9uye"
console.error: Enterprise Policies: 
  Policy SearchEngines is only allowed on ESR
JavaScript error: resource://gre/modules/XULStore.jsm, line 66: Error: Can't find profile directory.
console.error: SearchCache: "_readCacheFile: Error reading cache file:" (new Error("", "(unknown module)"))
1605881736892	Marionette	INFO	Listening on port 49801
1605881737195	Marionette	WARN	TLS certificate errors will be ignored for this session
1605881747582	Marionette	INFO	Stopped listening on port 49801

###!!! [Child][RunMessage] Error: Channel closing: too late to send/recv, messages will be lost


###!!! [Child][MessageChannel::SendAndWait] Error: Channel error: cannot send/recv

